c:\users\isabelle\documents\github\unox\unox\debug\vc140.pdb
c:\users\isabelle\documents\github\unox\unox\debug\vc140.idb
c:\users\isabelle\documents\github\unox\unox\debug\stdafx.obj
c:\users\isabelle\documents\github\unox\unox\debug\unox.obj
c:\users\isabelle\documents\github\unox\unox\debug\actors.obj
c:\users\isabelle\documents\github\unox\unox\debug\main.obj
c:\users\isabelle\documents\github\unox\unox\debug\mapgen.obj
c:\users\isabelle\documents\github\unox\unox\debug\vcpkg.applocal.log
c:\users\isabelle\documents\github\unox\debug\unox.pdb
c:\users\isabelle\documents\github\unox\unox\debug\unox.tlog\cl.command.1.tlog
c:\users\isabelle\documents\github\unox\unox\debug\unox.tlog\cl.read.1.tlog
c:\users\isabelle\documents\github\unox\unox\debug\unox.tlog\cl.write.1.tlog
c:\users\isabelle\documents\github\unox\unox\debug\unox.tlog\link-cvtres.read.1.tlog
c:\users\isabelle\documents\github\unox\unox\debug\unox.tlog\link-cvtres.write.1.tlog
c:\users\isabelle\documents\github\unox\unox\debug\unox.tlog\link-rc.read.1.tlog
c:\users\isabelle\documents\github\unox\unox\debug\unox.tlog\link-rc.write.1.tlog
c:\users\isabelle\documents\github\unox\unox\debug\unox.tlog\link.4588-cvtres.read.1.tlog
c:\users\isabelle\documents\github\unox\unox\debug\unox.tlog\link.4588-cvtres.write.1.tlog
c:\users\isabelle\documents\github\unox\unox\debug\unox.tlog\link.4588-rc.read.1.tlog
c:\users\isabelle\documents\github\unox\unox\debug\unox.tlog\link.4588-rc.write.1.tlog
c:\users\isabelle\documents\github\unox\unox\debug\unox.tlog\link.4588.read.1.tlog
c:\users\isabelle\documents\github\unox\unox\debug\unox.tlog\link.4588.write.1.tlog
c:\users\isabelle\documents\github\unox\unox\debug\unox.tlog\link.command.1.tlog
c:\users\isabelle\documents\github\unox\unox\debug\unox.tlog\link.read.1.tlog
c:\users\isabelle\documents\github\unox\unox\debug\unox.tlog\link.write.1.tlog
c:\users\isabelle\documents\github\unox\unox\debug\unox.tlog\unox.write.1u.tlog
